2019-11-16 17:11:52,198 [Worker-15] INFO  o.e.m.c.i.l.LifecycleMappingFactory - Using org.maven.ide.eclipse.wtp.WarLifecycleMapping lifecycle mapping for MavenProject: Rays:ORSProject0:0.0.1-SNAPSHOT @ D:\Work\JAVA\Projects\ORS_project3\ORSProject0\pom.xml.
2019-11-16 17:12:07,691 [Worker-15] INFO  o.e.m.c.i.embedder.EclipseLogger - Using 'UTF-8' encoding to copy filtered resources.
2019-11-16 17:12:07,691 [Worker-15] INFO  o.e.m.c.i.embedder.EclipseLogger - skip non existing resourceDirectory D:\Work\JAVA\Projects\ORS_project3\ORSProject0\src\main\resources
2019-11-16 17:12:07,696 [Worker-15] INFO  o.e.m.c.i.embedder.EclipseLogger - Using 'UTF-8' encoding to copy filtered resources.
2019-11-16 17:12:07,697 [Worker-15] INFO  o.e.m.c.i.embedder.EclipseLogger - skip non existing resourceDirectory D:\Work\JAVA\Projects\ORS_project3\ORSProject0\src\test\resources
2019-11-16 17:13:12,964 [Worker-14] INFO  o.e.m.c.i.embedder.EclipseLogger - Using 'UTF-8' encoding to copy filtered resources.
2019-11-16 17:13:12,969 [Worker-14] INFO  o.e.m.c.i.embedder.EclipseLogger - skip non existing resourceDirectory D:\Work\JAVA\Projects\ORS_project3\ORSProject0\src\main\resources
2019-11-16 17:13:12,975 [Worker-14] INFO  o.e.m.c.i.embedder.EclipseLogger - Using 'UTF-8' encoding to copy filtered resources.
2019-11-16 17:13:12,975 [Worker-14] INFO  o.e.m.c.i.embedder.EclipseLogger - skip non existing resourceDirectory D:\Work\JAVA\Projects\ORS_project3\ORSProject0\src\test\resources
2019-11-16 17:14:04,909 [Worker-10] INFO  o.e.m.c.i.l.LifecycleMappingFactory - Using org.maven.ide.eclipse.wtp.WarLifecycleMapping lifecycle mapping for MavenProject: Rays:ORSProject0:0.0.1-SNAPSHOT @ D:\Work\JAVA\Projects\ORS_project3\ORSProject0\pom.xml.
2019-11-16 17:14:08,067 [Worker-10] INFO  o.e.m.c.i.embedder.EclipseLogger - Using 'UTF-8' encoding to copy filtered resources.
2019-11-16 17:14:08,067 [Worker-10] INFO  o.e.m.c.i.embedder.EclipseLogger - skip non existing resourceDirectory D:\Work\JAVA\Projects\ORS_project3\ORSProject0\src\main\resources
2019-11-16 17:14:08,071 [Worker-10] INFO  o.e.m.c.i.embedder.EclipseLogger - Using 'UTF-8' encoding to copy filtered resources.
2019-11-16 17:14:08,072 [Worker-10] INFO  o.e.m.c.i.embedder.EclipseLogger - skip non existing resourceDirectory D:\Work\JAVA\Projects\ORS_project3\ORSProject0\src\test\resources
2019-11-16 17:14:08,073 [Worker-10] INFO  o.e.m.w.i.f.ResourceFilteringBuildParticipant - Changed resources require a complete clean of filtered resources of ORSProject0
2019-11-16 17:14:08,075 [Worker-10] INFO  o.e.m.w.i.f.ResourceFilteringBuildParticipant - Executing resource filtering for ORSProject0
2019-11-16 17:14:08,088 [Worker-10] INFO  o.e.m.c.i.embedder.EclipseLogger - Using 'UTF-8' encoding to copy filtered resources.
2019-11-16 17:14:13,969 [Worker-18] INFO  o.e.m.c.i.embedder.EclipseLogger - Using 'UTF-8' encoding to copy filtered resources.
2019-11-16 17:14:13,969 [Worker-18] INFO  o.e.m.c.i.embedder.EclipseLogger - skip non existing resourceDirectory D:\Work\JAVA\Projects\ORS_project3\ORSProject0\src\main\resources
2019-11-16 17:14:13,975 [Worker-18] INFO  o.e.m.c.i.embedder.EclipseLogger - Using 'UTF-8' encoding to copy filtered resources.
2019-11-16 17:14:13,976 [Worker-18] INFO  o.e.m.c.i.embedder.EclipseLogger - skip non existing resourceDirectory D:\Work\JAVA\Projects\ORS_project3\ORSProject0\src\test\resources
2019-11-16 17:14:18,307 [Worker-10] INFO  o.e.m.c.i.l.LifecycleMappingFactory - Using org.maven.ide.eclipse.wtp.WarLifecycleMapping lifecycle mapping for MavenProject: Rays:ORSProject0:0.0.1-SNAPSHOT @ D:\Work\JAVA\Projects\ORS_project3\ORSProject0\pom.xml.
2019-11-16 17:14:21,339 [Worker-10] INFO  o.e.m.c.i.embedder.EclipseLogger - Using 'UTF-8' encoding to copy filtered resources.
2019-11-16 17:14:21,340 [Worker-10] INFO  o.e.m.c.i.embedder.EclipseLogger - skip non existing resourceDirectory D:\Work\JAVA\Projects\ORS_project3\ORSProject0\src\main\resources
2019-11-16 17:14:21,344 [Worker-10] INFO  o.e.m.c.i.embedder.EclipseLogger - Using 'UTF-8' encoding to copy filtered resources.
2019-11-16 17:14:21,345 [Worker-10] INFO  o.e.m.c.i.embedder.EclipseLogger - skip non existing resourceDirectory D:\Work\JAVA\Projects\ORS_project3\ORSProject0\src\test\resources
2019-11-16 17:14:21,346 [Worker-10] INFO  o.e.m.w.i.f.ResourceFilteringBuildParticipant - Changed resources require a complete clean of filtered resources of ORSProject0
2019-11-16 17:14:21,346 [Worker-10] INFO  o.e.m.w.i.f.ResourceFilteringBuildParticipant - Executing resource filtering for ORSProject0
2019-11-16 17:14:21,355 [Worker-10] INFO  o.e.m.c.i.embedder.EclipseLogger - Using 'UTF-8' encoding to copy filtered resources.
2019-11-16 17:14:24,471 [Worker-11] INFO  o.e.m.c.i.embedder.EclipseLogger - Using 'UTF-8' encoding to copy filtered resources.
2019-11-16 17:14:24,472 [Worker-11] INFO  o.e.m.c.i.embedder.EclipseLogger - skip non existing resourceDirectory D:\Work\JAVA\Projects\ORS_project3\ORSProject0\src\main\resources
2019-11-16 17:14:24,475 [Worker-11] INFO  o.e.m.c.i.embedder.EclipseLogger - Using 'UTF-8' encoding to copy filtered resources.
2019-11-16 17:14:24,475 [Worker-11] INFO  o.e.m.c.i.embedder.EclipseLogger - skip non existing resourceDirectory D:\Work\JAVA\Projects\ORS_project3\ORSProject0\src\test\resources
2019-11-16 17:14:44,541 [Worker-14] INFO  o.e.m.c.i.p.ProjectConfigurationManager - Update started
2019-11-16 17:14:55,363 [Worker-14] INFO  o.e.m.c.i.l.LifecycleMappingFactory - Using org.maven.ide.eclipse.wtp.WarLifecycleMapping lifecycle mapping for MavenProject: Rays:ORSProject0:0.0.1-SNAPSHOT @ D:\Work\JAVA\Projects\ORS_project3\ORSProject0\pom.xml.
2019-11-16 17:15:01,590 [Worker-14] INFO  o.e.m.j.i.AbstractJavaProjectConfigurator - Adding source folder /ORSProject0/src/main/java
2019-11-16 17:15:01,592 [Worker-14] INFO  o.e.m.j.i.AbstractJavaProjectConfigurator - Adding source folder /ORSProject0/src/test/java
2019-11-16 17:15:05,601 [Worker-14] INFO  o.e.m.w.i.f.ResourceFilteringBuildParticipant - Cleaning filtered folder for ORSProject0
2019-11-16 17:15:05,650 [Worker-14] INFO  o.e.m.c.i.p.ProjectConfigurationManager - Update completed: 21 sec
2019-11-16 17:15:06,984 [Worker-15] INFO  o.e.m.c.i.embedder.EclipseLogger - Using 'UTF-8' encoding to copy filtered resources.
2019-11-16 17:15:06,985 [Worker-15] INFO  o.e.m.c.i.embedder.EclipseLogger - skip non existing resourceDirectory D:\Work\JAVA\Projects\ORS_project3\ORSProject0\src\main\resources
2019-11-16 17:15:06,991 [Worker-15] INFO  o.e.m.c.i.embedder.EclipseLogger - Using 'UTF-8' encoding to copy filtered resources.
2019-11-16 17:15:06,992 [Worker-15] INFO  o.e.m.c.i.embedder.EclipseLogger - skip non existing resourceDirectory D:\Work\JAVA\Projects\ORS_project3\ORSProject0\src\test\resources
2019-11-16 17:15:06,993 [Worker-15] INFO  o.e.m.w.i.f.ResourceFilteringBuildParticipant - Changed resources require a complete clean of filtered resources of ORSProject0
2019-11-16 17:15:06,993 [Worker-15] INFO  o.e.m.w.i.f.ResourceFilteringBuildParticipant - Executing resource filtering for ORSProject0
2019-11-16 17:15:07,007 [Worker-15] INFO  o.e.m.c.i.embedder.EclipseLogger - Using 'UTF-8' encoding to copy filtered resources.
2019-11-16 17:17:32,195 [Worker-15] INFO  o.e.m.c.i.l.LifecycleMappingFactory - Using org.maven.ide.eclipse.wtp.WarLifecycleMapping lifecycle mapping for MavenProject: Rays:ORSProject0:0.0.1-SNAPSHOT @ D:\Work\JAVA\Projects\ORS_project3\ORSProject0\pom.xml.
2019-11-16 17:17:36,296 [Worker-15] INFO  o.e.m.c.i.embedder.EclipseLogger - Using 'UTF-8' encoding to copy filtered resources.
2019-11-16 17:17:36,297 [Worker-15] INFO  o.e.m.c.i.embedder.EclipseLogger - skip non existing resourceDirectory D:\Work\JAVA\Projects\ORS_project3\ORSProject0\src\main\resources
2019-11-16 17:17:36,301 [Worker-15] INFO  o.e.m.c.i.embedder.EclipseLogger - Using 'UTF-8' encoding to copy filtered resources.
2019-11-16 17:17:36,302 [Worker-15] INFO  o.e.m.c.i.embedder.EclipseLogger - skip non existing resourceDirectory D:\Work\JAVA\Projects\ORS_project3\ORSProject0\src\test\resources
2019-11-16 17:17:36,302 [Worker-15] INFO  o.e.m.w.i.f.ResourceFilteringBuildParticipant - Changed resources require a complete clean of filtered resources of ORSProject0
2019-11-16 17:17:36,303 [Worker-15] INFO  o.e.m.w.i.f.ResourceFilteringBuildParticipant - Executing resource filtering for ORSProject0
2019-11-16 17:17:36,311 [Worker-15] INFO  o.e.m.c.i.embedder.EclipseLogger - Using 'UTF-8' encoding to copy filtered resources.
2019-11-16 17:17:40,267 [Worker-0] INFO  o.e.m.c.i.embedder.EclipseLogger - Using 'UTF-8' encoding to copy filtered resources.
2019-11-16 17:17:40,268 [Worker-0] INFO  o.e.m.c.i.embedder.EclipseLogger - skip non existing resourceDirectory D:\Work\JAVA\Projects\ORS_project3\ORSProject0\src\main\resources
2019-11-16 17:17:40,271 [Worker-0] INFO  o.e.m.c.i.embedder.EclipseLogger - Using 'UTF-8' encoding to copy filtered resources.
2019-11-16 17:17:40,271 [Worker-0] INFO  o.e.m.c.i.embedder.EclipseLogger - skip non existing resourceDirectory D:\Work\JAVA\Projects\ORS_project3\ORSProject0\src\test\resources
2019-11-16 17:18:06,486 [Worker-15] INFO  o.e.m.c.i.e.AbstractTransferListenerAdapter - Downloading https://repo.maven.apache.org/maven2/junit/junit/4.11/junit-4.11-sources.jar
2019-11-16 17:18:07,929 [Worker-15] INFO  o.e.m.c.i.e.AbstractTransferListenerAdapter - Downloaded https://repo.maven.apache.org/maven2/junit/junit/4.11/junit-4.11-sources.jar
2019-11-16 17:18:08,480 [Worker-15] INFO  o.e.m.j.internal.DownloadSourcesJob - Downloaded sources for junit:junit:4.11
2019-11-16 17:18:08,834 [Worker-15] INFO  o.e.m.c.i.e.AbstractTransferListenerAdapter - Downloading https://repo.maven.apache.org/maven2/org/hamcrest/hamcrest-core/1.3/hamcrest-core-1.3-sources.jar
2019-11-16 17:18:10,316 [Worker-15] INFO  o.e.m.c.i.e.AbstractTransferListenerAdapter - Downloaded https://repo.maven.apache.org/maven2/org/hamcrest/hamcrest-core/1.3/hamcrest-core-1.3-sources.jar
2019-11-16 17:18:11,053 [Worker-15] INFO  o.e.m.j.internal.DownloadSourcesJob - Downloaded sources for org.hamcrest:hamcrest-core:1.3
2019-11-16 17:18:12,327 [Worker-15] INFO  o.e.m.c.i.e.AbstractTransferListenerAdapter - Downloading https://repo.maven.apache.org/maven2/javax/servlet/javax.servlet-api/3.1.0/javax.servlet-api-3.1.0-sources.jar
2019-11-16 17:18:13,234 [Worker-15] INFO  o.e.m.c.i.e.AbstractTransferListenerAdapter - Downloaded https://repo.maven.apache.org/maven2/javax/servlet/javax.servlet-api/3.1.0/javax.servlet-api-3.1.0-sources.jar
2019-11-16 17:18:16,661 [Worker-15] INFO  o.e.m.j.internal.DownloadSourcesJob - Downloaded sources for javax.servlet:javax.servlet-api:3.1.0
2019-11-16 17:18:18,409 [Worker-15] INFO  o.e.m.c.i.e.AbstractTransferListenerAdapter - Downloading https://repo.maven.apache.org/maven2/org/springframework/spring-core/4.0.5.RELEASE/spring-core-4.0.5.RELEASE-sources.jar
2019-11-16 17:18:20,187 [Worker-15] INFO  o.e.m.c.i.e.AbstractTransferListenerAdapter - Downloaded https://repo.maven.apache.org/maven2/org/springframework/spring-core/4.0.5.RELEASE/spring-core-4.0.5.RELEASE-sources.jar
2019-11-16 17:18:20,517 [Worker-15] INFO  o.e.m.j.internal.DownloadSourcesJob - Downloaded sources for org.springframework:spring-core:4.0.5.RELEASE
2019-11-16 17:18:20,846 [Worker-15] INFO  o.e.m.c.i.e.AbstractTransferListenerAdapter - Downloading https://repo.maven.apache.org/maven2/commons-logging/commons-logging/1.1.3/commons-logging-1.1.3-sources.jar
2019-11-16 17:18:21,289 [Worker-15] INFO  o.e.m.c.i.e.AbstractTransferListenerAdapter - Downloaded https://repo.maven.apache.org/maven2/commons-logging/commons-logging/1.1.3/commons-logging-1.1.3-sources.jar
2019-11-16 17:18:22,138 [Worker-15] INFO  o.e.m.j.internal.DownloadSourcesJob - Downloaded sources for commons-logging:commons-logging:1.1.3
2019-11-16 17:18:22,457 [Worker-15] INFO  o.e.m.c.i.e.AbstractTransferListenerAdapter - Downloading https://repo.maven.apache.org/maven2/org/springframework/spring-beans/4.0.5.RELEASE/spring-beans-4.0.5.RELEASE-sources.jar
2019-11-16 17:18:22,679 [Worker-13] INFO  o.e.m.c.i.p.ProjectConfigurationManager - Update started
2019-11-16 17:18:23,953 [Worker-15] INFO  o.e.m.c.i.e.AbstractTransferListenerAdapter - Downloaded https://repo.maven.apache.org/maven2/org/springframework/spring-beans/4.0.5.RELEASE/spring-beans-4.0.5.RELEASE-sources.jar
2019-11-16 17:18:24,303 [Worker-15] INFO  o.e.m.j.internal.DownloadSourcesJob - Downloaded sources for org.springframework:spring-beans:4.0.5.RELEASE
2019-11-16 17:18:24,644 [Worker-15] INFO  o.e.m.c.i.e.AbstractTransferListenerAdapter - Downloading https://repo.maven.apache.org/maven2/org/springframework/spring-context/4.0.5.RELEASE/spring-context-4.0.5.RELEASE-sources.jar
2019-11-16 17:18:26,381 [Worker-13] INFO  o.e.m.c.i.l.LifecycleMappingFactory - Using org.maven.ide.eclipse.wtp.WarLifecycleMapping lifecycle mapping for MavenProject: Rays:ORSProject0:0.0.1-SNAPSHOT @ D:\Work\JAVA\Projects\ORS_project3\ORSProject0\pom.xml.
2019-11-16 17:18:26,642 [Worker-15] INFO  o.e.m.c.i.e.AbstractTransferListenerAdapter - Downloaded https://repo.maven.apache.org/maven2/org/springframework/spring-context/4.0.5.RELEASE/spring-context-4.0.5.RELEASE-sources.jar
2019-11-16 17:18:26,978 [Worker-15] INFO  o.e.m.j.internal.DownloadSourcesJob - Downloaded sources for org.springframework:spring-context:4.0.5.RELEASE
2019-11-16 17:18:27,555 [Worker-15] INFO  o.e.m.c.i.e.AbstractTransferListenerAdapter - Downloading https://repo.maven.apache.org/maven2/org/springframework/spring-aop/4.0.5.RELEASE/spring-aop-4.0.5.RELEASE-sources.jar
2019-11-16 17:18:28,594 [Worker-15] INFO  o.e.m.c.i.e.AbstractTransferListenerAdapter - Downloaded https://repo.maven.apache.org/maven2/org/springframework/spring-aop/4.0.5.RELEASE/spring-aop-4.0.5.RELEASE-sources.jar
2019-11-16 17:18:28,916 [Worker-15] INFO  o.e.m.j.internal.DownloadSourcesJob - Downloaded sources for org.springframework:spring-aop:4.0.5.RELEASE
2019-11-16 17:18:29,220 [Worker-15] INFO  o.e.m.c.i.e.AbstractTransferListenerAdapter - Downloading https://repo.maven.apache.org/maven2/aopalliance/aopalliance/1.0/aopalliance-1.0-sources.jar
2019-11-16 17:18:29,645 [Worker-15] INFO  o.e.m.c.i.e.AbstractTransferListenerAdapter - Downloaded https://repo.maven.apache.org/maven2/aopalliance/aopalliance/1.0/aopalliance-1.0-sources.jar
2019-11-16 17:18:30,224 [Worker-15] INFO  o.e.m.j.internal.DownloadSourcesJob - Downloaded sources for aopalliance:aopalliance:1.0
2019-11-16 17:18:30,351 [Worker-13] INFO  o.e.m.j.i.AbstractJavaProjectConfigurator - Adding source folder /ORSProject0/src/main/java
2019-11-16 17:18:30,352 [Worker-13] INFO  o.e.m.j.i.AbstractJavaProjectConfigurator - Adding source folder /ORSProject0/src/test/java
2019-11-16 17:18:30,555 [Worker-15] INFO  o.e.m.c.i.e.AbstractTransferListenerAdapter - Downloading https://repo.maven.apache.org/maven2/org/springframework/spring-expression/4.0.5.RELEASE/spring-expression-4.0.5.RELEASE-sources.jar
2019-11-16 17:18:31,245 [Worker-15] INFO  o.e.m.c.i.e.AbstractTransferListenerAdapter - Downloaded https://repo.maven.apache.org/maven2/org/springframework/spring-expression/4.0.5.RELEASE/spring-expression-4.0.5.RELEASE-sources.jar
2019-11-16 17:18:31,502 [Worker-15] INFO  o.e.m.j.internal.DownloadSourcesJob - Downloaded sources for org.springframework:spring-expression:4.0.5.RELEASE
2019-11-16 17:18:31,861 [Worker-15] INFO  o.e.m.c.i.e.AbstractTransferListenerAdapter - Downloading https://repo.maven.apache.org/maven2/org/springframework/spring-context-support/4.0.5.RELEASE/spring-context-support-4.0.5.RELEASE-sources.jar
2019-11-16 17:18:32,369 [Worker-15] INFO  o.e.m.c.i.e.AbstractTransferListenerAdapter - Downloaded https://repo.maven.apache.org/maven2/org/springframework/spring-context-support/4.0.5.RELEASE/spring-context-support-4.0.5.RELEASE-sources.jar
2019-11-16 17:18:32,706 [Worker-15] INFO  o.e.m.j.internal.DownloadSourcesJob - Downloaded sources for org.springframework:spring-context-support:4.0.5.RELEASE
2019-11-16 17:18:33,011 [Worker-13] INFO  o.e.m.w.i.f.ResourceFilteringBuildParticipant - Cleaning filtered folder for ORSProject0
2019-11-16 17:18:33,026 [Worker-13] INFO  o.e.m.c.i.p.ProjectConfigurationManager - Update completed: 10 sec
2019-11-16 17:18:33,042 [Worker-15] INFO  o.e.m.c.i.e.AbstractTransferListenerAdapter - Downloading https://repo.maven.apache.org/maven2/org/springframework/spring-orm/4.0.5.RELEASE/spring-orm-4.0.5.RELEASE-sources.jar
2019-11-16 17:18:33,796 [Worker-15] INFO  o.e.m.c.i.e.AbstractTransferListenerAdapter - Downloaded https://repo.maven.apache.org/maven2/org/springframework/spring-orm/4.0.5.RELEASE/spring-orm-4.0.5.RELEASE-sources.jar
2019-11-16 17:18:34,703 [Worker-20] INFO  o.e.m.c.i.embedder.EclipseLogger - Using 'UTF-8' encoding to copy filtered resources.
2019-11-16 17:18:34,704 [Worker-20] INFO  o.e.m.c.i.embedder.EclipseLogger - skip non existing resourceDirectory D:\Work\JAVA\Projects\ORS_project3\ORSProject0\src\main\resources
2019-11-16 17:18:34,713 [Worker-20] INFO  o.e.m.c.i.embedder.EclipseLogger - Using 'UTF-8' encoding to copy filtered resources.
2019-11-16 17:18:34,713 [Worker-20] INFO  o.e.m.c.i.embedder.EclipseLogger - skip non existing resourceDirectory D:\Work\JAVA\Projects\ORS_project3\ORSProject0\src\test\resources
2019-11-16 17:18:34,715 [Worker-20] INFO  o.e.m.w.i.f.ResourceFilteringBuildParticipant - Changed resources require a complete clean of filtered resources of ORSProject0
2019-11-16 17:18:34,715 [Worker-20] INFO  o.e.m.w.i.f.ResourceFilteringBuildParticipant - Executing resource filtering for ORSProject0
2019-11-16 17:18:34,725 [Worker-20] INFO  o.e.m.c.i.embedder.EclipseLogger - Using 'UTF-8' encoding to copy filtered resources.
2019-11-16 17:18:34,902 [Worker-15] INFO  o.e.m.j.internal.DownloadSourcesJob - Downloaded sources for org.springframework:spring-orm:4.0.5.RELEASE
2019-11-16 17:18:35,272 [Worker-15] INFO  o.e.m.c.i.e.AbstractTransferListenerAdapter - Downloading https://repo.maven.apache.org/maven2/org/springframework/spring-jdbc/4.0.5.RELEASE/spring-jdbc-4.0.5.RELEASE-sources.jar
2019-11-16 17:18:36,205 [Worker-15] INFO  o.e.m.c.i.e.AbstractTransferListenerAdapter - Downloaded https://repo.maven.apache.org/maven2/org/springframework/spring-jdbc/4.0.5.RELEASE/spring-jdbc-4.0.5.RELEASE-sources.jar
2019-11-16 17:18:36,938 [Worker-15] INFO  o.e.m.j.internal.DownloadSourcesJob - Downloaded sources for org.springframework:spring-jdbc:4.0.5.RELEASE
2019-11-16 17:18:37,256 [Worker-15] INFO  o.e.m.c.i.e.AbstractTransferListenerAdapter - Downloading https://repo.maven.apache.org/maven2/org/springframework/spring-tx/4.0.5.RELEASE/spring-tx-4.0.5.RELEASE-sources.jar
2019-11-16 17:18:38,004 [Worker-15] INFO  o.e.m.c.i.e.AbstractTransferListenerAdapter - Downloaded https://repo.maven.apache.org/maven2/org/springframework/spring-tx/4.0.5.RELEASE/spring-tx-4.0.5.RELEASE-sources.jar
2019-11-16 17:18:38,262 [Worker-15] INFO  o.e.m.j.internal.DownloadSourcesJob - Downloaded sources for org.springframework:spring-tx:4.0.5.RELEASE
2019-11-16 17:18:38,596 [Worker-15] INFO  o.e.m.c.i.e.AbstractTransferListenerAdapter - Downloading https://repo.maven.apache.org/maven2/org/springframework/spring-web/4.0.5.RELEASE/spring-web-4.0.5.RELEASE-sources.jar
2019-11-16 17:18:39,724 [Worker-15] INFO  o.e.m.c.i.e.AbstractTransferListenerAdapter - Downloaded https://repo.maven.apache.org/maven2/org/springframework/spring-web/4.0.5.RELEASE/spring-web-4.0.5.RELEASE-sources.jar
2019-11-16 17:18:39,975 [Worker-15] INFO  o.e.m.j.internal.DownloadSourcesJob - Downloaded sources for org.springframework:spring-web:4.0.5.RELEASE
2019-11-16 17:18:40,293 [Worker-15] INFO  o.e.m.c.i.e.AbstractTransferListenerAdapter - Downloading https://repo.maven.apache.org/maven2/org/springframework/spring-webmvc/4.0.5.RELEASE/spring-webmvc-4.0.5.RELEASE-sources.jar
2019-11-16 17:18:41,635 [Worker-15] INFO  o.e.m.c.i.e.AbstractTransferListenerAdapter - Downloaded https://repo.maven.apache.org/maven2/org/springframework/spring-webmvc/4.0.5.RELEASE/spring-webmvc-4.0.5.RELEASE-sources.jar
2019-11-16 17:18:42,033 [Worker-15] INFO  o.e.m.j.internal.DownloadSourcesJob - Downloaded sources for org.springframework:spring-webmvc:4.0.5.RELEASE
2019-11-16 17:18:42,343 [Worker-15] INFO  o.e.m.c.i.e.AbstractTransferListenerAdapter - Downloading https://repo.maven.apache.org/maven2/org/springframework/webflow/spring-binding/2.4.7.RELEASE/spring-binding-2.4.7.RELEASE-sources.jar
2019-11-16 17:18:42,879 [Worker-15] INFO  o.e.m.c.i.e.AbstractTransferListenerAdapter - Downloaded https://repo.maven.apache.org/maven2/org/springframework/webflow/spring-binding/2.4.7.RELEASE/spring-binding-2.4.7.RELEASE-sources.jar
2019-11-16 17:18:43,248 [Worker-15] INFO  o.e.m.j.internal.DownloadSourcesJob - Downloaded sources for org.springframework.webflow:spring-binding:2.4.7.RELEASE
2019-11-16 17:18:43,587 [Worker-15] INFO  o.e.m.c.i.e.AbstractTransferListenerAdapter - Downloading https://repo.maven.apache.org/maven2/opensymphony/ognl/2.6.11/ognl-2.6.11-sources.jar
2019-11-16 17:18:44,198 [Worker-15] INFO  o.e.m.c.i.e.AbstractTransferListenerAdapter - Downloaded https://repo.maven.apache.org/maven2/opensymphony/ognl/2.6.11/ognl-2.6.11-sources.jar
2019-11-16 17:18:44,881 [Worker-15] INFO  o.e.m.j.internal.DownloadSourcesJob - Downloaded sources for opensymphony:ognl:2.6.11
2019-11-16 17:18:45,239 [Worker-15] INFO  o.e.m.c.i.e.AbstractTransferListenerAdapter - Downloading https://repo.maven.apache.org/maven2/org/springframework/spring-test/4.0.5.RELEASE/spring-test-4.0.5.RELEASE-sources.jar
2019-11-16 17:18:46,107 [Worker-15] INFO  o.e.m.c.i.e.AbstractTransferListenerAdapter - Downloaded https://repo.maven.apache.org/maven2/org/springframework/spring-test/4.0.5.RELEASE/spring-test-4.0.5.RELEASE-sources.jar
2019-11-16 17:18:46,384 [Worker-15] INFO  o.e.m.j.internal.DownloadSourcesJob - Downloaded sources for org.springframework:spring-test:4.0.5.RELEASE
2019-11-16 17:18:46,746 [Worker-15] INFO  o.e.m.c.i.e.AbstractTransferListenerAdapter - Downloading https://repo.maven.apache.org/maven2/com/mchange/c3p0/0.9.5.2/c3p0-0.9.5.2-sources.jar
2019-11-16 17:18:47,789 [Worker-15] INFO  o.e.m.c.i.e.AbstractTransferListenerAdapter - Downloaded https://repo.maven.apache.org/maven2/com/mchange/c3p0/0.9.5.2/c3p0-0.9.5.2-sources.jar
2019-11-16 17:18:48,422 [Worker-15] INFO  o.e.m.j.internal.DownloadSourcesJob - Downloaded sources for com.mchange:c3p0:0.9.5.2
2019-11-16 17:18:48,780 [Worker-15] INFO  o.e.m.c.i.e.AbstractTransferListenerAdapter - Downloading https://repo.maven.apache.org/maven2/com/mchange/mchange-commons-java/0.2.11/mchange-commons-java-0.2.11-sources.jar
2019-11-16 17:18:50,612 [Worker-15] INFO  o.e.m.c.i.e.AbstractTransferListenerAdapter - Downloaded https://repo.maven.apache.org/maven2/com/mchange/mchange-commons-java/0.2.11/mchange-commons-java-0.2.11-sources.jar
2019-11-16 17:18:50,872 [Worker-15] INFO  o.e.m.j.internal.DownloadSourcesJob - Downloaded sources for com.mchange:mchange-commons-java:0.2.11
2019-11-16 17:18:51,404 [Worker-20] INFO  o.e.m.c.i.embedder.EclipseLogger - Using 'UTF-8' encoding to copy filtered resources.
2019-11-16 17:18:51,404 [Worker-20] INFO  o.e.m.c.i.embedder.EclipseLogger - skip non existing resourceDirectory D:\Work\JAVA\Projects\ORS_project3\ORSProject0\src\main\resources
2019-11-16 17:18:51,409 [Worker-20] INFO  o.e.m.c.i.embedder.EclipseLogger - Using 'UTF-8' encoding to copy filtered resources.
2019-11-16 17:18:51,410 [Worker-20] INFO  o.e.m.c.i.embedder.EclipseLogger - skip non existing resourceDirectory D:\Work\JAVA\Projects\ORS_project3\ORSProject0\src\test\resources
2019-11-16 17:20:01,922 [Worker-24] INFO  o.e.m.c.i.p.ProjectConfigurationManager - Update started
2019-11-16 17:20:03,129 [Worker-24] INFO  o.e.m.c.i.l.LifecycleMappingFactory - Using org.maven.ide.eclipse.wtp.WarLifecycleMapping lifecycle mapping for MavenProject: Rays:ORSProject0:0.0.1-SNAPSHOT @ D:\Work\JAVA\Projects\ORS_project3\ORSProject0\pom.xml.
2019-11-16 17:20:04,846 [Worker-24] INFO  o.e.m.j.i.AbstractJavaProjectConfigurator - Adding source folder /ORSProject0/src/main/java
2019-11-16 17:20:04,847 [Worker-24] INFO  o.e.m.j.i.AbstractJavaProjectConfigurator - Adding source folder /ORSProject0/src/test/java
2019-11-16 17:20:13,349 [Worker-24] INFO  o.e.m.w.i.f.ResourceFilteringBuildParticipant - Cleaning filtered folder for ORSProject0
2019-11-16 17:20:13,363 [Worker-24] INFO  o.e.m.c.i.p.ProjectConfigurationManager - Update completed: 11 sec
2019-11-16 17:20:15,355 [Worker-15] INFO  o.e.m.c.i.embedder.EclipseLogger - Using 'UTF-8' encoding to copy filtered resources.
2019-11-16 17:20:15,356 [Worker-15] INFO  o.e.m.c.i.embedder.EclipseLogger - skip non existing resourceDirectory D:\Work\JAVA\Projects\ORS_project3\ORSProject0\src\main\resources
2019-11-16 17:20:15,359 [Worker-15] INFO  o.e.m.c.i.embedder.EclipseLogger - Using 'UTF-8' encoding to copy filtered resources.
2019-11-16 17:20:15,359 [Worker-15] INFO  o.e.m.c.i.embedder.EclipseLogger - skip non existing resourceDirectory D:\Work\JAVA\Projects\ORS_project3\ORSProject0\src\test\resources
2019-11-16 17:20:15,360 [Worker-15] INFO  o.e.m.w.i.f.ResourceFilteringBuildParticipant - Changed resources require a complete clean of filtered resources of ORSProject0
2019-11-16 17:20:15,360 [Worker-15] INFO  o.e.m.w.i.f.ResourceFilteringBuildParticipant - Executing resource filtering for ORSProject0
2019-11-16 17:20:15,366 [Worker-15] INFO  o.e.m.c.i.embedder.EclipseLogger - Using 'UTF-8' encoding to copy filtered resources.
2019-11-16 17:20:49,968 [Worker-13] INFO  o.e.m.c.i.embedder.EclipseLogger - Using 'UTF-8' encoding to copy filtered resources.
2019-11-16 17:20:49,969 [Worker-13] INFO  o.e.m.c.i.embedder.EclipseLogger - skip non existing resourceDirectory D:\Work\JAVA\Projects\ORS_project3\ORSProject0\src\main\resources
2019-11-16 17:20:49,973 [Worker-13] INFO  o.e.m.c.i.embedder.EclipseLogger - Using 'UTF-8' encoding to copy filtered resources.
2019-11-16 17:20:49,974 [Worker-13] INFO  o.e.m.c.i.embedder.EclipseLogger - skip non existing resourceDirectory D:\Work\JAVA\Projects\ORS_project3\ORSProject0\src\test\resources
2019-11-16 17:21:31,491 [Worker-22] INFO  o.e.m.c.i.p.ProjectConfigurationManager - Update started
2019-11-16 17:21:35,918 [Worker-22] INFO  o.e.m.c.i.l.LifecycleMappingFactory - Using org.maven.ide.eclipse.wtp.WarLifecycleMapping lifecycle mapping for MavenProject: Rays:ORSProject0:0.0.1-SNAPSHOT @ D:\Work\JAVA\Projects\ORS_project3\ORSProject0\pom.xml.
2019-11-16 17:21:41,374 [Worker-22] INFO  o.e.m.j.i.AbstractJavaProjectConfigurator - Adding source folder /ORSProject0/src/main/java
2019-11-16 17:21:41,376 [Worker-22] INFO  o.e.m.j.i.AbstractJavaProjectConfigurator - Adding source folder /ORSProject0/src/test/java
2019-11-16 17:21:49,072 [Worker-22] INFO  o.e.m.w.i.f.ResourceFilteringBuildParticipant - Cleaning filtered folder for ORSProject0
2019-11-16 17:21:49,088 [Worker-22] INFO  o.e.m.c.i.p.ProjectConfigurationManager - Update completed: 17 sec
2019-11-16 17:21:52,368 [Worker-21] INFO  o.e.m.c.i.embedder.EclipseLogger - Using 'UTF-8' encoding to copy filtered resources.
2019-11-16 17:21:52,369 [Worker-21] INFO  o.e.m.c.i.embedder.EclipseLogger - skip non existing resourceDirectory D:\Work\JAVA\Projects\ORS_project3\ORSProject0\src\main\resources
2019-11-16 17:21:52,373 [Worker-21] INFO  o.e.m.c.i.embedder.EclipseLogger - Using 'UTF-8' encoding to copy filtered resources.
2019-11-16 17:21:52,374 [Worker-21] INFO  o.e.m.c.i.embedder.EclipseLogger - skip non existing resourceDirectory D:\Work\JAVA\Projects\ORS_project3\ORSProject0\src\test\resources
2019-11-16 17:21:52,375 [Worker-21] INFO  o.e.m.w.i.f.ResourceFilteringBuildParticipant - Changed resources require a complete clean of filtered resources of ORSProject0
2019-11-16 17:21:52,375 [Worker-21] INFO  o.e.m.w.i.f.ResourceFilteringBuildParticipant - Executing resource filtering for ORSProject0
2019-11-16 17:21:52,391 [Worker-21] INFO  o.e.m.c.i.embedder.EclipseLogger - Using 'UTF-8' encoding to copy filtered resources.
2019-11-16 17:22:26,588 [Worker-20] INFO  o.e.m.c.i.embedder.EclipseLogger - Using 'UTF-8' encoding to copy filtered resources.
2019-11-16 17:22:26,588 [Worker-20] INFO  o.e.m.c.i.embedder.EclipseLogger - skip non existing resourceDirectory D:\Work\JAVA\Projects\ORS_project3\ORSProject0\src\main\resources
2019-11-16 17:22:26,592 [Worker-20] INFO  o.e.m.c.i.embedder.EclipseLogger - Using 'UTF-8' encoding to copy filtered resources.
2019-11-16 17:22:26,593 [Worker-20] INFO  o.e.m.c.i.embedder.EclipseLogger - skip non existing resourceDirectory D:\Work\JAVA\Projects\ORS_project3\ORSProject0\src\test\resources
